Copyright 1986-2019 Xilinx, Inc. All Rights Reserved.
------------------------------------------------------------------------------------
| Tool Version : Vivado v.2019.2 (win64) Build 2708876 Wed Nov  6 21:40:23 MST 2019
| Date         : Tue Jun 16 11:27:47 2020
| Host         : cash-laptop running 64-bit major release  (build 9200)
| Command      : report_control_sets -verbose -file top_control_sets_placed.rpt
| Design       : top
| Device       : xc7a35ti
------------------------------------------------------------------------------------

Control Set Information

Table of Contents
-----------------
1. Summary
2. Histogram
3. Flip-Flop Distribution
4. Detailed Control Set Information

1. Summary
----------

+----------------------------------------------------------+-------+
|                          Status                          | Count |
+----------------------------------------------------------+-------+
| Total control sets                                       |     6 |
|    Minimum number of control sets                        |     6 |
|    Addition due to synthesis replication                 |     0 |
|    Addition due to physical synthesis replication        |     0 |
| Unused register locations in slices containing registers |    25 |
+----------------------------------------------------------+-------+
* Control sets can be merged at opt_design using control_set_merge or merge_equivalent_drivers
** Run report_qor_suggestions for automated merging and remapping suggestions


2. Histogram
------------

+--------------------+-------+
|       Fanout       | Count |
+--------------------+-------+
| Total control sets |     6 |
| >= 0 to < 4        |     2 |
| >= 4 to < 6        |     1 |
| >= 6 to < 8        |     1 |
| >= 8 to < 10       |     0 |
| >= 10 to < 12      |     1 |
| >= 12 to < 14      |     0 |
| >= 14 to < 16      |     1 |
| >= 16              |     0 |
+--------------------+-------+
* Control sets can be remapped at either synth_design or opt_design


3. Flip-Flop Distribution
-------------------------

+--------------+-----------------------+------------------------+-----------------+--------------+
| Clock Enable | Synchronous Set/Reset | Asynchronous Set/Reset | Total Registers | Total Slices |
+--------------+-----------------------+------------------------+-----------------+--------------+
| No           | No                    | No                     |              15 |            5 |
| No           | No                    | Yes                    |               0 |            0 |
| No           | Yes                   | No                     |               8 |            5 |
| Yes          | No                    | No                     |              11 |            2 |
| Yes          | No                    | Yes                    |               0 |            0 |
| Yes          | Yes                   | No                     |               5 |            2 |
+--------------+-----------------------+------------------------+-----------------+--------------+


4. Detailed Control Set Information
-----------------------------------

+----------------+---------------------------------------+-----------------------------------+------------------+----------------+
|  Clock Signal  |             Enable Signal             |          Set/Reset Signal         | Slice Load Count | Bel Load Count |
+----------------+---------------------------------------+-----------------------------------+------------------+----------------+
|  clk_IBUF_BUFG | p_0_out[1]                            | FSM_onehot_state[3]_i_1_n_0       |                1 |              1 |
|  clk_IBUF_BUFG |                                       | FSM_onehot_state[3]_i_1_n_0       |                2 |              2 |
|  clk_IBUF_BUFG | rx/E[0]                               | FSM_onehot_state[3]_i_1_n_0       |                1 |              4 |
|  clk_IBUF_BUFG |                                       | rx/clkgen/clk_counter[12]_i_1_n_0 |                3 |              6 |
|  clk_IBUF_BUFG | rx/clkgen/FSM_sequential_state_reg[1] |                                   |                2 |             11 |
|  clk_IBUF_BUFG |                                       |                                   |                5 |             15 |
+----------------+---------------------------------------+-----------------------------------+------------------+----------------+


